(---------------------------------------------------------------------)
(                                                                     )
(    Allegro Netrev Import Logic                                      )
(                                                                     )
(    Drawing          : poeicpt1_r1_2024_8_31_04.brd                  )
(    Software Version : 22.1S006                                      )
(    Date/Time        : Sat Aug 31 14:08:12 2024                      )
(                                                                     )
(---------------------------------------------------------------------)


------ Directives ------------

Ripup etch:                  No
Ripup delete first segment:  No
Ripup retain bondwire:       No
Ripup symbols:               Always
Missing symbol has error:    No
DRC update:                  Yes
Schematic directory:         'E:\GITHUB\POE-INJECTOR\DESIGN_BOARD\POEICPT1_R1_2024_8_13_3\allegro'
Design Directory:            'e:/github/poe-injector/design_board/layout'
Old design name:             'e:/github/poe-injector/design_board/layout/poeicpt1_r1_2024_8_31_04.brd'
New design name:             'e:/github/poe-injector/design_board/layout/poeicpt1_r1_2024_8_31_04.brd'

CmdLine: netrev.exe -y 1 -i E:\GITHUB\POE-INJECTOR\DESIGN_BOARD\POEICPT1_R1_2024_8_13_3\allegro e:\github\poe-injector\design_board\layout\poeicpt1_r1_2024_8_31_04.brd e:/github/poe-injector/design_board/layout/poeicpt1_r1_2024_8_31_04.brd

------ Preparing to read pst files ------

Starting to read E:/GITHUB/POE-INJECTOR/DESIGN_BOARD/POEICPT1_R1_2024_8_13_3/allegro/pstchip.dat 
   Finished reading E:/GITHUB/POE-INJECTOR/DESIGN_BOARD/POEICPT1_R1_2024_8_13_3/allegro/pstchip.dat (00:00:00.04)
Starting to read E:/GITHUB/POE-INJECTOR/DESIGN_BOARD/POEICPT1_R1_2024_8_13_3/allegro/pstxprt.dat 
   Finished reading E:/GITHUB/POE-INJECTOR/DESIGN_BOARD/POEICPT1_R1_2024_8_13_3/allegro/pstxprt.dat (00:00:00.00)
Starting to read E:/GITHUB/POE-INJECTOR/DESIGN_BOARD/POEICPT1_R1_2024_8_13_3/allegro/pstxnet.dat 
   Finished reading E:/GITHUB/POE-INJECTOR/DESIGN_BOARD/POEICPT1_R1_2024_8_13_3/allegro/pstxnet.dat (00:00:00.00)

------ Oversights/Warnings/Errors ------


------ Library Paths ------
MODULEPATH =  . 
           e:/cadence_app/share/local/pcb/modules 

PSMPATH =  E:/GitHub/PoE-Injector/design_board/footprint_Library 

PADPATH =  E:/GitHub/PoE-Injector/design_board/footprint_Library 


------ Summary Statistics ------


netrev run on Aug 31 14:08:12 2024
   DESIGN NAME : 'POEICPT1_R1_2024_8_13_2'
   PACKAGING ON Jul 30 2023 23:27:03

   COMPILE 'logic'
   CHECK_PIN_NAMES OFF
   CROSS_REFERENCE OFF
   FEEDBACK OFF
   INCREMENTAL OFF
   INTERFACE_TYPE PHYSICAL
   MAX_ERRORS 500
   MERGE_MINIMUM 5
   NET_NAME_CHARS '#%&()*+-./:=>?@[]^_`|'
   NET_NAME_LENGTH 24
   OVERSIGHTS ON
   REPLACE_CHECK OFF
   SINGLE_NODE_NETS ON
   SPLIT_MINIMUM 0
   SUPPRESS   20
   WARNINGS ON

 No error detected
 No oversight detected
 No warning detected

cpu time      0:01:14
elapsed time  0:00:01

